[2025-04-03 12:59:51] ERROR [src.utils.logger:99] К║°Й╥╦ М▄▄Л²╪ Л∙■М≤╦М≥■ Л▀╓М▄╗: [WinError 32] К▀╓К╔╦ М■└К║°Л└╦Л┼╓Й╟─ М▄▄Л²╪Л²└ Л┌╛Л ╘ Л╓▒Л²╢Й╦╟ К∙▄К╛╦Л≈░ М■└К║°Л└╦Л┼╓Й╟─ Л∙║Л└╦Л┼╓ М∙═ Л┬≤ Л≈├Л┼╣К▀┬К▀╓: 'logs\\2025-04-03.log'
[2025-04-03 12:59:51] ERROR [src.utils.logger:99] К║°Й╥╦ М▄▄Л²╪ Л∙■М≤╦М≥■ Л▀╓М▄╗: [WinError 32] К▀╓К╔╦ М■└К║°Л└╦Л┼╓Й╟─ М▄▄Л²╪Л²└ Л┌╛Л ╘ Л╓▒Л²╢Й╦╟ К∙▄К╛╦Л≈░ М■└К║°Л└╦Л┼╓Й╟─ Л∙║Л└╦Л┼╓ М∙═ Л┬≤ Л≈├Л┼╣К▀┬К▀╓: 'logs\\2025-04-03.log'
2025-04-03 13:18:01,847 [trading_bot:84] ERROR: OHLCV ╣╔юлем а╤х╦ ╫гфп: aiodns needs a SelectorEventLoop on Windows. See more: https://github.com/saghul/aiodns/issues/86
2025-04-03 13:18:02,149 [trading_bot:84] ERROR: OHLCV ╣╔юлем а╤х╦ ╫гфп: aiodns needs a SelectorEventLoop on Windows. See more: https://github.com/saghul/aiodns/issues/86
2025-04-03 13:24:34,929 [trading_bot:170] INFO: га╥н╠в╥╔ ╫цюш
2025-04-03 13:24:34,933 [trading_bot:182] INFO: ф╝╥╧юл╣Ы ╦П╣Е: paper
2025-04-03 13:24:34,938 [trading_bot:190] INFO: ╟е╥║╪р цй╠Бх╜ ©о╥А
2025-04-03 13:24:34,938 [trading_bot:194] INFO: юЭ╥╚ цй╠Бх╜ ©о╥А
2025-04-03 13:24:34,938 [trading_bot:204] INFO: ╦╝╫╨е╘ ╟Э╦╝юз цй╠Бх╜ ©о╥А
2025-04-03 13:24:34,938 [trading_bot:208] INFO: ╟е╥║ ╢К╩С ╫и╨╪: ['BTC/USDT', 'ETH/USDT']
2025-04-03 13:24:34,939 [trading_bot:213] DEBUG: ╫и╨╪ цЁ╦╝ ╫цюш: BTC/USDT
2025-04-03 13:24:34,939 [trading_bot:38] DEBUG: ╫цюЕ ╣╔юлем а╤х╦ ╫цюш: BTC/USDT, 1h, 100
2025-04-03 13:24:38,022 [trading_bot:46] DEBUG: ╫цюЕ ╣╔юлем а╤х╦ ©о╥А: 12 ╟Ёюг ╣╔юлем
2025-04-03 13:24:38,030 [trading_bot:224] DEBUG: ╟е╥║ ╫ехё ╬Ью╫: BTC/USDT
2025-04-03 13:24:38,030 [trading_bot:213] DEBUG: ╫и╨╪ цЁ╦╝ ╫цюш: ETH/USDT
2025-04-03 13:24:38,030 [trading_bot:38] DEBUG: ╫цюЕ ╣╔юлем а╤х╦ ╫цюш: ETH/USDT, 1h, 100
2025-04-03 13:24:38,165 [trading_bot:46] DEBUG: ╫цюЕ ╣╔юлем а╤х╦ ©о╥А: 12 ╟Ёюг ╣╔юлем
2025-04-03 13:24:38,171 [trading_bot:224] DEBUG: ╟е╥║ ╫ехё ╬Ью╫: ETH/USDT
2025-04-03 13:24:38,171 [trading_bot:271] DEBUG: 1╨п ╢К╠Б
2025-04-03 13:25:38,176 [trading_bot:213] DEBUG: ╫и╨╪ цЁ╦╝ ╫цюш: BTC/USDT
2025-04-03 13:25:38,176 [trading_bot:38] DEBUG: ╫цюЕ ╣╔юлем а╤х╦ ╫цюш: BTC/USDT, 1h, 100
2025-04-03 13:25:44,271 [trading_bot:46] DEBUG: ╫цюЕ ╣╔юлем а╤х╦ ©о╥А: 12 ╟Ёюг ╣╔юлем
2025-04-03 13:25:44,278 [trading_bot:224] DEBUG: ╟е╥║ ╫ехё ╬Ью╫: BTC/USDT
2025-04-03 13:25:44,278 [trading_bot:213] DEBUG: ╫и╨╪ цЁ╦╝ ╫цюш: ETH/USDT
2025-04-03 13:25:44,278 [trading_bot:38] DEBUG: ╫цюЕ ╣╔юлем а╤х╦ ╫цюш: ETH/USDT, 1h, 100
2025-04-03 13:25:44,412 [trading_bot:46] DEBUG: ╫цюЕ ╣╔юлем а╤х╦ ©о╥А: 12 ╟Ёюг ╣╔юлем
2025-04-03 13:25:44,419 [trading_bot:224] DEBUG: ╟е╥║ ╫ехё ╬Ью╫: ETH/USDT
2025-04-03 13:25:44,419 [trading_bot:271] DEBUG: 1╨п ╢К╠Б
2025-04-03 13:26:44,432 [trading_bot:213] DEBUG: ╫и╨╪ цЁ╦╝ ╫цюш: BTC/USDT
2025-04-03 13:26:44,432 [trading_bot:38] DEBUG: ╫цюЕ ╣╔юлем а╤х╦ ╫цюш: BTC/USDT, 1h, 100
2025-04-03 13:26:45,439 [trading_bot:46] DEBUG: ╫цюЕ ╣╔юлем а╤х╦ ©о╥А: 12 ╟Ёюг ╣╔юлем
2025-04-03 13:26:45,446 [trading_bot:224] DEBUG: ╟е╥║ ╫ехё ╬Ью╫: BTC/USDT
2025-04-03 13:26:45,446 [trading_bot:213] DEBUG: ╫и╨╪ цЁ╦╝ ╫цюш: ETH/USDT
2025-04-03 13:26:45,446 [trading_bot:38] DEBUG: ╫цюЕ ╣╔юлем а╤х╦ ╫цюш: ETH/USDT, 1h, 100
2025-04-03 13:26:45,507 [trading_bot:46] DEBUG: ╫цюЕ ╣╔юлем а╤х╦ ©о╥А: 12 ╟Ёюг ╣╔юлем
2025-04-03 13:26:45,514 [trading_bot:224] DEBUG: ╟е╥║ ╫ехё ╬Ью╫: ETH/USDT
2025-04-03 13:26:45,515 [trading_bot:271] DEBUG: 1╨п ╢К╠Б
2025-04-03 13:27:45,514 [trading_bot:213] DEBUG: ╫и╨╪ цЁ╦╝ ╫цюш: BTC/USDT
2025-04-03 13:27:45,514 [trading_bot:38] DEBUG: ╫цюЕ ╣╔юлем а╤х╦ ╫цюш: BTC/USDT, 1h, 100
2025-04-03 13:27:45,628 [trading_bot:46] DEBUG: ╫цюЕ ╣╔юлем а╤х╦ ©о╥А: 12 ╟Ёюг ╣╔юлем
2025-04-03 13:27:45,634 [trading_bot:224] DEBUG: ╟е╥║ ╫ехё ╬Ью╫: BTC/USDT
2025-04-03 13:27:45,634 [trading_bot:213] DEBUG: ╫и╨╪ цЁ╦╝ ╫цюш: ETH/USDT
2025-04-03 13:27:45,634 [trading_bot:38] DEBUG: ╫цюЕ ╣╔юлем а╤х╦ ╫цюш: ETH/USDT, 1h, 100
2025-04-03 13:27:45,776 [trading_bot:46] DEBUG: ╫цюЕ ╣╔юлем а╤х╦ ©о╥А: 12 ╟Ёюг ╣╔юлем
2025-04-03 13:27:45,782 [trading_bot:224] DEBUG: ╟е╥║ ╫ехё ╬Ью╫: ETH/USDT
2025-04-03 13:27:45,783 [trading_bot:271] DEBUG: 1╨п ╢К╠Б
